<?xml version="1.0" encoding="UTF-8"?>
<!-- Generated by org.testng.reporters.JUnitReportReporter -->
<testsuite hostname="DESKTOP-4E90A8C" failures="0" tests="6" name="com.saucedemo.tests.LoginPageTest" time="60.295" errors="0" timestamp="2025-09-08T16:54:35 IST" skipped="0">
  <testcase classname="com.saucedemo.tests.LoginPageTest" name="invalidUserShowsError" time="9.890"/>
  <testcase classname="com.saucedemo.tests.LoginPageTest" name="testUsernameRequiredError" time="6.872"/>
  <testcase classname="com.saucedemo.tests.LoginPageTest" name="validLogin" time="7.481"/>
  <testcase classname="com.saucedemo.tests.LoginPageTest" name="testPasswordRequiredError" time="7.606"/>
  <testcase classname="com.saucedemo.tests.LoginPageTest" name="allValidUsersShouldLoginSuccessfully" time="20.939"/>
  <testcase classname="com.saucedemo.tests.LoginPageTest" name="lockedOutUserShowsError" time="7.507"/>
</testsuite> <!-- com.saucedemo.tests.LoginPageTest -->
