<?xml version="1.0" encoding="UTF-8"?>
<!-- Generated by org.testng.reporters.JUnitReportReporter -->
<testsuite hostname="DESKTOP-4E90A8C" failures="0" tests="7" name="com.saucedemo.runners.TestRunner" time="21.357" errors="0" timestamp="2025-09-08T13:50:03 IST" skipped="0">
  <testcase classname="com.saucedemo.runners.TestRunner" name="runScenario" time="7.804"/>
  <testcase classname="com.saucedemo.runners.TestRunner" name="runScenario" time="1.921"/>
  <testcase classname="com.saucedemo.runners.TestRunner" name="runScenario" time="0.679"/>
  <testcase classname="com.saucedemo.runners.TestRunner" name="runScenario" time="1.646"/>
  <testcase classname="com.saucedemo.runners.TestRunner" name="runScenario" time="1.892"/>
  <testcase classname="com.saucedemo.runners.TestRunner" name="runScenario" time="0.629"/>
  <testcase classname="com.saucedemo.runners.TestRunner" name="runScenario" time="6.786"/>
</testsuite> <!-- com.saucedemo.runners.TestRunner -->
