<?xml version="1.0" encoding="UTF-8"?>
<!-- Generated by org.testng.reporters.JUnitReportReporter -->
<testsuite hostname="DESKTOP-4E90A8C" failures="0" tests="5" name="com.saucedemo.tests.LoginPageTest" time="51.409" errors="0" timestamp="2025-09-07T19:05:22 IST" skipped="0">
  <testcase classname="com.saucedemo.tests.LoginPageTest" name="validLogin" time="6.258"/>
  <testcase classname="com.saucedemo.tests.LoginPageTest" name="allValidUsersShouldLoginSuccessfully" time="16.890"/>
  <testcase classname="com.saucedemo.tests.LoginPageTest" name="lockedOutUserShowsError" time="5.546"/>
  <testcase classname="com.saucedemo.tests.LoginPageTest" name="testUsernameOrPasswordRequiredErrors" time="16.900"/>
  <testcase classname="com.saucedemo.tests.LoginPageTest" name="invalidUserShowsError" time="5.815"/>
</testsuite> <!-- com.saucedemo.tests.LoginPageTest -->
