<?xml version="1.0" encoding="UTF-8"?>
<!-- Generated by org.testng.reporters.JUnitReportReporter -->
<testsuite hostname="DESKTOP-4E90A8C" failures="0" tests="5" name="com.saucedemo.tests.TestAddToCartPage" time="31.774" errors="0" timestamp="2025-09-07T19:05:22 IST" skipped="0">
  <testcase classname="com.saucedemo.tests.TestAddToCartPage" name="cartBadgeAccumulatesItems" time="7.327"/>
  <testcase classname="com.saucedemo.tests.TestAddToCartPage" name="addItemUpdatesCartBadge" time="5.432"/>
  <testcase classname="com.saucedemo.tests.TestAddToCartPage" name="removeItemUpdatesCartBadgeToZero" time="6.510"/>
  <testcase classname="com.saucedemo.tests.TestAddToCartPage" name="cartBadgeNotVisibleWhenEmpty" time="5.826"/>
  <testcase classname="com.saucedemo.tests.TestAddToCartPage" name="cartLinkNavigatesToCartPage" time="6.679"/>
</testsuite> <!-- com.saucedemo.tests.TestAddToCartPage -->
