<?xml version="1.0" encoding="UTF-8"?>
<!-- Generated by org.testng.reporters.JUnitReportReporter -->
<testsuite hostname="DESKTOP-4E90A8C" failures="0" tests="6" name="com.saucedemo.tests.LoginPageTest" time="33.605" errors="0" timestamp="2025-09-09T12:21:24 IST" skipped="0">
  <testcase classname="com.saucedemo.tests.LoginPageTest" name="lockedOutUserShowsError" time="3.830"/>
  <testcase classname="com.saucedemo.tests.LoginPageTest" name="allValidUsersShouldLoginSuccessfully" time="13.790"/>
  <testcase classname="com.saucedemo.tests.LoginPageTest" name="validLogin" time="3.939"/>
  <testcase classname="com.saucedemo.tests.LoginPageTest" name="testPasswordRequiredError" time="4.183"/>
  <testcase classname="com.saucedemo.tests.LoginPageTest" name="invalidUserShowsError" time="3.505"/>
  <testcase classname="com.saucedemo.tests.LoginPageTest" name="testUsernameRequiredError" time="4.358"/>
</testsuite> <!-- com.saucedemo.tests.LoginPageTest -->
