<?xml version="1.0" encoding="UTF-8"?>
<!-- Generated by org.testng.reporters.JUnitReportReporter -->
<testsuite hostname="DESKTOP-4E90A8C" failures="0" tests="1" name="com.saucedemo.tests.TestLogoutPage" time="4.708" errors="0" timestamp="2025-09-09T12:48:25 IST" skipped="0">
  <testcase classname="com.saucedemo.tests.TestLogoutPage" name="logoutWorks" time="4.708"/>
</testsuite> <!-- com.saucedemo.tests.TestLogoutPage -->
