<?xml version="1.0" encoding="UTF-8"?>
<!-- Generated by org.testng.reporters.JUnitReportReporter -->
<testsuite hostname="DESKTOP-4E90A8C" failures="0" tests="4" name="com.saucedemo.tests.TestCheckoutPage" time="29.862" errors="0" timestamp="2025-09-09T13:52:28 IST" skipped="0">
  <testcase classname="com.saucedemo.tests.TestCheckoutPage" name="checkoutShowsCorrectConfirmationMessage" time="8.618"/>
  <testcase classname="com.saucedemo.tests.TestCheckoutPage" name="cannotCheckoutWithEmptyCart" time="6.640"/>
  <testcase classname="com.saucedemo.tests.TestCheckoutPage" name="completeCheckoutFlow" time="7.530"/>
  <testcase classname="com.saucedemo.tests.TestCheckoutPage" name="cancelCheckoutShouldReturnToCart" time="7.074"/>
</testsuite> <!-- com.saucedemo.tests.TestCheckoutPage -->
