<?xml version="1.0" encoding="UTF-8"?>
<!-- Generated by org.testng.reporters.JUnitReportReporter -->
<testsuite hostname="LAPTOP-L4FN0J6B" failures="0" tests="10" name="com.saucedemo.tests.LoginPageTest" time="53.196" errors="0" timestamp="2025-09-06T12:51:45 IST" skipped="0">
  <testcase classname="com.saucedemo.tests.LoginPageTest" name="lockedOutUserShowsError" time="3.489"/>
  <testcase classname="com.saucedemo.tests.LoginPageTest" name="ErrorUservalidLogin" time="5.820"/>
  <testcase classname="com.saucedemo.tests.LoginPageTest" name="usernameRequiredErrorDisplayed" time="3.178"/>
  <testcase classname="com.saucedemo.tests.LoginPageTest" name="Problem_uservalidLogin" time="5.714"/>
  <testcase classname="com.saucedemo.tests.LoginPageTest" name="passwordRequiredErrorDisplayed" time="3.312"/>
  <testcase classname="com.saucedemo.tests.LoginPageTest" name="VisualuservalidLogin" time="3.974"/>
  <testcase classname="com.saucedemo.tests.LoginPageTest" name="validLogin" time="4.174"/>
  <testcase classname="com.saucedemo.tests.LoginPageTest" name="PerformanceglitchuservalidLogin" time="14.158"/>
  <testcase classname="com.saucedemo.tests.LoginPageTest" name="bothFieldsEmptyShowsUsernameRequiredError" time="4.919"/>
  <testcase classname="com.saucedemo.tests.LoginPageTest" name="invalidUserShowsError" time="4.458"/>
</testsuite> <!-- com.saucedemo.tests.LoginPageTest -->
