<?xml version="1.0" encoding="UTF-8"?>
<!-- Generated by org.testng.reporters.JUnitReportReporter -->
<testsuite hostname="DESKTOP-4E90A8C" failures="0" tests="4" name="com.saucedemo.tests.TestCheckoutPage" time="21.543" errors="0" timestamp="2025-09-09T14:08:02 IST" skipped="0">
  <testcase classname="com.saucedemo.tests.TestCheckoutPage" name="completeCheckoutFlow" time="5.621"/>
  <testcase classname="com.saucedemo.tests.TestCheckoutPage" name="checkoutShowsCorrectConfirmationMessage" time="5.885"/>
  <testcase classname="com.saucedemo.tests.TestCheckoutPage" name="cannotCheckoutWithEmptyCart" time="5.409"/>
  <testcase classname="com.saucedemo.tests.TestCheckoutPage" name="cancelCheckoutShouldReturnToCart" time="4.628"/>
</testsuite> <!-- com.saucedemo.tests.TestCheckoutPage -->
