<?xml version="1.0" encoding="UTF-8"?>
<!-- Generated by org.testng.reporters.JUnitReportReporter -->
<testsuite hostname="DESKTOP-4E90A8C" failures="0" tests="6" name="com.saucedemo.tests.TestAddToCartPage" time="35.101" errors="0" timestamp="2025-09-09T14:16:29 IST" skipped="0">
  <testcase classname="com.saucedemo.tests.TestAddToCartPage" name="removeItemUpdatesCartBadgeToZero" time="6.066"/>
  <testcase classname="com.saucedemo.tests.TestAddToCartPage" name="cartLinkNavigatesToCartPage" time="5.613"/>
  <testcase classname="com.saucedemo.tests.TestAddToCartPage" name="cartBadgeAccumulatesItems" time="6.231"/>
  <testcase classname="com.saucedemo.tests.TestAddToCartPage" name="addItemUpdatesCartBadge" time="5.381"/>
  <testcase classname="com.saucedemo.tests.TestAddToCartPage" name="removeFromCartButtonChangesToAddToCart" time="5.574"/>
  <testcase classname="com.saucedemo.tests.TestAddToCartPage" name="addToCartButtonChangesToRemove" time="6.236"/>
</testsuite> <!-- com.saucedemo.tests.TestAddToCartPage -->
