<?xml version="1.0" encoding="UTF-8"?>
<!-- Generated by org.testng.reporters.JUnitReportReporter -->
<testsuite hostname="DESKTOP-4E90A8C" failures="0" tests="1" name="com.saucedemo.tests.TestLogoutPage" time="6.300" errors="0" timestamp="2025-09-09T14:28:34 IST" skipped="0">
  <testcase classname="com.saucedemo.tests.TestLogoutPage" name="logoutWorks" time="6.300"/>
</testsuite> <!-- com.saucedemo.tests.TestLogoutPage -->
