<?xml version="1.0" encoding="UTF-8"?>
<!-- Generated by org.testng.reporters.JUnitReportReporter -->
<testsuite hostname="DESKTOP-4E90A8C" failures="0" tests="6" name="com.saucedemo.tests.TestAddToCartPage" time="35.617" errors="0" timestamp="2025-09-09T13:05:41 IST" skipped="0">
  <testcase classname="com.saucedemo.tests.TestAddToCartPage" name="cartLinkNavigatesToCartPage" time="5.452"/>
  <testcase classname="com.saucedemo.tests.TestAddToCartPage" name="removeItemUpdatesCartBadgeToZero" time="6.201"/>
  <testcase classname="com.saucedemo.tests.TestAddToCartPage" name="addItemUpdatesCartBadge" time="5.543"/>
  <testcase classname="com.saucedemo.tests.TestAddToCartPage" name="removeFromCartButtonChangesToAddToCart" time="6.311"/>
  <testcase classname="com.saucedemo.tests.TestAddToCartPage" name="addToCartButtonChangesToRemove" time="5.551"/>
  <testcase classname="com.saucedemo.tests.TestAddToCartPage" name="cartBadgeAccumulatesItems" time="6.559"/>
</testsuite> <!-- com.saucedemo.tests.TestAddToCartPage -->
