<?xml version="1.0" encoding="UTF-8"?>
<!-- Generated by org.testng.reporters.JUnitReportReporter -->
<testsuite hostname="DESKTOP-4E90A8C" failures="0" tests="6" name="com.saucedemo.tests.LoginPageTest" time="38.350" errors="0" timestamp="2025-09-09T12:45:28 IST" skipped="0">
  <testcase classname="com.saucedemo.tests.LoginPageTest" name="testUsernameRequiredError" time="6.650"/>
  <testcase classname="com.saucedemo.tests.LoginPageTest" name="validLogin" time="4.157"/>
  <testcase classname="com.saucedemo.tests.LoginPageTest" name="invalidUserShowsError" time="4.029"/>
  <testcase classname="com.saucedemo.tests.LoginPageTest" name="testPasswordRequiredError" time="5.457"/>
  <testcase classname="com.saucedemo.tests.LoginPageTest" name="allValidUsersShouldLoginSuccessfully" time="13.700"/>
  <testcase classname="com.saucedemo.tests.LoginPageTest" name="lockedOutUserShowsError" time="4.357"/>
</testsuite> <!-- com.saucedemo.tests.LoginPageTest -->
