<?xml version="1.0" encoding="UTF-8"?>
<!-- Generated by org.testng.reporters.JUnitReportReporter -->
<testsuite hostname="DESKTOP-4E90A8C" failures="0" tests="3" name="com.saucedemo.tests.TestCartBadgeCountValidationPage" time="13.255" errors="0" timestamp="2025-09-09T12:51:22 IST" skipped="0">
  <testcase classname="com.saucedemo.tests.TestCartBadgeCountValidationPage" name="badgeIncrementsWhenAddingItems" time="4.620"/>
  <testcase classname="com.saucedemo.tests.TestCartBadgeCountValidationPage" name="badgeUpdatesAfterRemovingItem" time="4.184"/>
  <testcase classname="com.saucedemo.tests.TestCartBadgeCountValidationPage" name="badgeShowsTwoWhenAddingTwoItems" time="4.451"/>
</testsuite> <!-- com.saucedemo.tests.TestCartBadgeCountValidationPage -->
