<?xml version="1.0" encoding="UTF-8"?>
<!-- Generated by org.testng.reporters.JUnitReportReporter -->
<testsuite hostname="DESKTOP-4E90A8C" failures="0" tests="6" name="com.saucedemo.tests.LoginPageTest" time="41.952" errors="0" timestamp="2025-09-09T13:25:02 IST" skipped="0">
  <testcase classname="com.saucedemo.tests.LoginPageTest" name="testPasswordRequiredError" time="4.806"/>
  <testcase classname="com.saucedemo.tests.LoginPageTest" name="lockedOutUserShowsError" time="4.871"/>
  <testcase classname="com.saucedemo.tests.LoginPageTest" name="invalidUserShowsError" time="4.385"/>
  <testcase classname="com.saucedemo.tests.LoginPageTest" name="testUsernameRequiredError" time="5.200"/>
  <testcase classname="com.saucedemo.tests.LoginPageTest" name="validLogin" time="4.303"/>
  <testcase classname="com.saucedemo.tests.LoginPageTest" name="allValidUsersShouldLoginSuccessfully" time="18.387"/>
</testsuite> <!-- com.saucedemo.tests.LoginPageTest -->
