<?xml version="1.0" encoding="UTF-8"?>
<!-- Generated by org.testng.reporters.JUnitReportReporter -->
<testsuite hostname="DESKTOP-4E90A8C" failures="0" tests="6" name="com.saucedemo.tests.TestAddToCartPage" time="33.853" errors="0" timestamp="2025-09-09T14:20:31 IST" skipped="0">
  <testcase classname="com.saucedemo.tests.TestAddToCartPage" name="cartBadgeAccumulatesItems" time="5.843"/>
  <testcase classname="com.saucedemo.tests.TestAddToCartPage" name="addToCartButtonChangesToRemove" time="5.218"/>
  <testcase classname="com.saucedemo.tests.TestAddToCartPage" name="removeItemUpdatesCartBadgeToZero" time="6.022"/>
  <testcase classname="com.saucedemo.tests.TestAddToCartPage" name="cartLinkNavigatesToCartPage" time="5.781"/>
  <testcase classname="com.saucedemo.tests.TestAddToCartPage" name="addItemUpdatesCartBadge" time="5.906"/>
  <testcase classname="com.saucedemo.tests.TestAddToCartPage" name="removeFromCartButtonChangesToAddToCart" time="5.083"/>
</testsuite> <!-- com.saucedemo.tests.TestAddToCartPage -->
