<?xml version="1.0" encoding="UTF-8"?>
<!-- Generated by org.testng.reporters.JUnitReportReporter -->
<testsuite hostname="DESKTOP-4E90A8C" failures="0" tests="6" name="com.saucedemo.tests.LoginPageTest" time="37.696" errors="0" timestamp="2025-09-09T12:57:29 IST" skipped="0">
  <testcase classname="com.saucedemo.tests.LoginPageTest" name="testUsernameRequiredError" time="5.951"/>
  <testcase classname="com.saucedemo.tests.LoginPageTest" name="invalidUserShowsError" time="4.001"/>
  <testcase classname="com.saucedemo.tests.LoginPageTest" name="testPasswordRequiredError" time="5.829"/>
  <testcase classname="com.saucedemo.tests.LoginPageTest" name="allValidUsersShouldLoginSuccessfully" time="13.677"/>
  <testcase classname="com.saucedemo.tests.LoginPageTest" name="lockedOutUserShowsError" time="4.076"/>
  <testcase classname="com.saucedemo.tests.LoginPageTest" name="validLogin" time="4.162"/>
</testsuite> <!-- com.saucedemo.tests.LoginPageTest -->
