<?xml version="1.0" encoding="UTF-8"?>
<!-- Generated by org.testng.reporters.JUnitReportReporter -->
<testsuite hostname="LAPTOP-L4FN0J6B" failures="0" tests="5" name="com.saucedemo.tests.TestCartBadgeCountValidationPage" time="34.847" errors="0" timestamp="2025-09-06T12:51:45 IST" skipped="0">
  <testcase classname="com.saucedemo.tests.TestCartBadgeCountValidationPage" name="badgeUpdatesAfterRemovingItem" time="7.411"/>
  <testcase classname="com.saucedemo.tests.TestCartBadgeCountValidationPage" name="badgeDoesNotIncrementForSameItem" time="6.324"/>
  <testcase classname="com.saucedemo.tests.TestCartBadgeCountValidationPage" name="badgeShowsZeroWhenNoItemsAdded" time="6.870"/>
  <testcase classname="com.saucedemo.tests.TestCartBadgeCountValidationPage" name="badgeIncrementsWhenAddingItems" time="7.742"/>
  <testcase classname="com.saucedemo.tests.TestCartBadgeCountValidationPage" name="badgeShowsTwoWhenAddingTwoItems" time="6.500"/>
</testsuite> <!-- com.saucedemo.tests.TestCartBadgeCountValidationPage -->
