<?xml version="1.0" encoding="UTF-8"?>
<!-- Generated by org.testng.reporters.JUnitReportReporter -->
<testsuite hostname="DESKTOP-4E90A8C" failures="0" tests="6" name="com.saucedemo.tests.LoginPageTest" time="39.428" errors="0" timestamp="2025-09-09T12:04:56 IST" skipped="0">
  <testcase classname="com.saucedemo.tests.LoginPageTest" name="lockedOutUserShowsError" time="4.908"/>
  <testcase classname="com.saucedemo.tests.LoginPageTest" name="validLogin" time="5.447"/>
  <testcase classname="com.saucedemo.tests.LoginPageTest" name="testPasswordRequiredError" time="4.474"/>
  <testcase classname="com.saucedemo.tests.LoginPageTest" name="invalidUserShowsError" time="4.049"/>
  <testcase classname="com.saucedemo.tests.LoginPageTest" name="testUsernameRequiredError" time="4.411"/>
  <testcase classname="com.saucedemo.tests.LoginPageTest" name="allValidUsersShouldLoginSuccessfully" time="16.139"/>
</testsuite> <!-- com.saucedemo.tests.LoginPageTest -->
