<?xml version="1.0" encoding="UTF-8"?>
<!-- Generated by org.testng.reporters.JUnitReportReporter -->
<testsuite hostname="DESKTOP-4E90A8C" failures="0" tests="6" name="com.saucedemo.tests.TestAddToCartPage" time="32.407" errors="0" timestamp="2025-09-09T14:12:37 IST" skipped="0">
  <testcase classname="com.saucedemo.tests.TestAddToCartPage" name="removeFromCartButtonChangesToAddToCart" time="5.720"/>
  <testcase classname="com.saucedemo.tests.TestAddToCartPage" name="addToCartButtonChangesToRemove" time="5.434"/>
  <testcase classname="com.saucedemo.tests.TestAddToCartPage" name="cartBadgeAccumulatesItems" time="5.279"/>
  <testcase classname="com.saucedemo.tests.TestAddToCartPage" name="removeItemUpdatesCartBadgeToZero" time="6.074"/>
  <testcase classname="com.saucedemo.tests.TestAddToCartPage" name="cartLinkNavigatesToCartPage" time="5.066"/>
  <testcase classname="com.saucedemo.tests.TestAddToCartPage" name="addItemUpdatesCartBadge" time="4.834"/>
</testsuite> <!-- com.saucedemo.tests.TestAddToCartPage -->
