<?xml version="1.0" encoding="UTF-8"?>
<!-- Generated by org.testng.reporters.JUnitReportReporter -->
<testsuite hostname="DESKTOP-4E90A8C" failures="0" tests="6" name="com.saucedemo.tests.LoginPageTest" time="34.774" errors="0" timestamp="2025-09-09T13:11:27 IST" skipped="0">
  <testcase classname="com.saucedemo.tests.LoginPageTest" name="testUsernameRequiredError" time="3.906"/>
  <testcase classname="com.saucedemo.tests.LoginPageTest" name="lockedOutUserShowsError" time="5.013"/>
  <testcase classname="com.saucedemo.tests.LoginPageTest" name="invalidUserShowsError" time="3.312"/>
  <testcase classname="com.saucedemo.tests.LoginPageTest" name="allValidUsersShouldLoginSuccessfully" time="13.952"/>
  <testcase classname="com.saucedemo.tests.LoginPageTest" name="testPasswordRequiredError" time="4.273"/>
  <testcase classname="com.saucedemo.tests.LoginPageTest" name="validLogin" time="4.318"/>
</testsuite> <!-- com.saucedemo.tests.LoginPageTest -->
