<?xml version="1.0" encoding="UTF-8"?>
<!-- Generated by org.testng.reporters.JUnitReportReporter -->
<testsuite hostname="DESKTOP-4E90A8C" failures="0" tests="6" name="com.saucedemo.tests.TestAddToCartPage" time="29.616" errors="0" timestamp="2025-09-09T11:34:16 IST" skipped="0">
  <testcase classname="com.saucedemo.tests.TestAddToCartPage" name="removeFromCartButtonChangesToAddToCart" time="5.006"/>
  <testcase classname="com.saucedemo.tests.TestAddToCartPage" name="removeItemUpdatesCartBadgeToZero" time="4.814"/>
  <testcase classname="com.saucedemo.tests.TestAddToCartPage" name="cartLinkNavigatesToCartPage" time="5.043"/>
  <testcase classname="com.saucedemo.tests.TestAddToCartPage" name="cartBadgeAccumulatesItems" time="4.537"/>
  <testcase classname="com.saucedemo.tests.TestAddToCartPage" name="addToCartButtonChangesToRemove" time="5.365"/>
  <testcase classname="com.saucedemo.tests.TestAddToCartPage" name="addItemUpdatesCartBadge" time="4.851"/>
</testsuite> <!-- com.saucedemo.tests.TestAddToCartPage -->
