<?xml version="1.0" encoding="UTF-8"?>
<!-- Generated by org.testng.reporters.JUnitReportReporter -->
<testsuite hostname="LAPTOP-L4FN0J6B" failures="0" tests="6" name="com.saucedemo.tests.TestAddToCartPage" time="24.091" errors="0" timestamp="2025-09-06T12:51:45 IST" skipped="0">
  <testcase classname="com.saucedemo.tests.TestAddToCartPage" name="addItemUpdatesCartBadge" time="3.942"/>
  <testcase classname="com.saucedemo.tests.TestAddToCartPage" name="cartBadgeAccumulatesItems" time="4.479"/>
  <testcase classname="com.saucedemo.tests.TestAddToCartPage" name="addToCartButtonChangesToRemove" time="4.252"/>
  <testcase classname="com.saucedemo.tests.TestAddToCartPage" name="cartLinkNavigatesToCartPage" time="4.114"/>
  <testcase classname="com.saucedemo.tests.TestAddToCartPage" name="removeItemUpdatesCartBadgeToZero" time="3.815"/>
  <testcase classname="com.saucedemo.tests.TestAddToCartPage" name="cartBadgeNotVisibleWhenEmpty" time="3.489"/>
</testsuite> <!-- com.saucedemo.tests.TestAddToCartPage -->
