<?xml version="1.0" encoding="UTF-8"?>
<!-- Generated by org.testng.reporters.JUnitReportReporter -->
<testsuite hostname="DESKTOP-4E90A8C" failures="0" tests="6" name="com.saucedemo.tests.LoginPageTest" time="43.567" errors="0" timestamp="2025-09-09T13:56:23 IST" skipped="0">
  <testcase classname="com.saucedemo.tests.LoginPageTest" name="testPasswordRequiredError" time="6.109"/>
  <testcase classname="com.saucedemo.tests.LoginPageTest" name="invalidUserShowsError" time="5.259"/>
  <testcase classname="com.saucedemo.tests.LoginPageTest" name="allValidUsersShouldLoginSuccessfully" time="16.048"/>
  <testcase classname="com.saucedemo.tests.LoginPageTest" name="lockedOutUserShowsError" time="5.128"/>
  <testcase classname="com.saucedemo.tests.LoginPageTest" name="validLogin" time="5.762"/>
  <testcase classname="com.saucedemo.tests.LoginPageTest" name="testUsernameRequiredError" time="5.261"/>
</testsuite> <!-- com.saucedemo.tests.LoginPageTest -->
