<?xml version="1.0" encoding="UTF-8"?>
<!-- Generated by org.testng.reporters.JUnitReportReporter -->
<testsuite hostname="DESKTOP-4E90A8C" failures="0" tests="4" name="com.saucedemo.tests.TestCheckoutPage" time="33.360" errors="0" timestamp="2025-09-09T11:51:30 IST" skipped="0">
  <testcase classname="com.saucedemo.tests.TestCheckoutPage" name="completeCheckoutFlow" time="5.413"/>
  <testcase classname="com.saucedemo.tests.TestCheckoutPage" name="checkoutShowsCorrectConfirmationMessage" time="4.673"/>
  <testcase classname="com.saucedemo.tests.TestCheckoutPage" name="cancelCheckoutShouldReturnToCart" time="9.599"/>
  <testcase classname="com.saucedemo.tests.TestCheckoutPage" name="cannotCheckoutWithEmptyCart" time="13.675"/>
</testsuite> <!-- com.saucedemo.tests.TestCheckoutPage -->
